2022-12-11 19:11:12.578  INFO 19544 --- [restartedMain] c.a.P.PhoneBookAppApplication            : Starting PhoneBookAppApplication using Java 18.0.1 on 15AY with PID 19544 (F:\ClassProject\PhoneBookApp\target\classes started by OWNER in F:\ClassProject\PhoneBookApp)
2022-12-11 19:11:12.579  INFO 19544 --- [restartedMain] c.a.P.PhoneBookAppApplication            : No active profile set, falling back to 1 default profile: "default"
2022-12-11 19:11:12.645  INFO 19544 --- [restartedMain] .e.DevToolsPropertyDefaultsPostProcessor : Devtools property defaults active! Set 'spring.devtools.add-properties' to 'false' to disable
2022-12-11 19:11:12.645  INFO 19544 --- [restartedMain] .e.DevToolsPropertyDefaultsPostProcessor : For additional web related logging consider setting the 'logging.level.web' property to 'DEBUG'
2022-12-11 19:11:13.667  INFO 19544 --- [restartedMain] .s.d.r.c.RepositoryConfigurationDelegate : Bootstrapping Spring Data JPA repositories in DEFAULT mode.
2022-12-11 19:11:13.731  INFO 19544 --- [restartedMain] .s.d.r.c.RepositoryConfigurationDelegate : Finished Spring Data repository scanning in 51 ms. Found 1 JPA repository interfaces.
2022-12-11 19:11:15.563  INFO 19544 --- [restartedMain] o.s.b.w.embedded.tomcat.TomcatWebServer  : Tomcat initialized with port(s): 8080 (http)
2022-12-11 19:11:15.605  INFO 19544 --- [restartedMain] o.apache.catalina.core.StandardService   : Starting service [Tomcat]
2022-12-11 19:11:15.605  INFO 19544 --- [restartedMain] org.apache.catalina.core.StandardEngine  : Starting Servlet engine: [Apache Tomcat/9.0.68]
2022-12-11 19:11:15.900  INFO 19544 --- [restartedMain] o.a.c.c.C.[Tomcat].[localhost].[/]       : Initializing Spring embedded WebApplicationContext
2022-12-11 19:11:15.901  INFO 19544 --- [restartedMain] w.s.c.ServletWebServerApplicationContext : Root WebApplicationContext: initialization completed in 3254 ms
2022-12-11 19:11:16.352  INFO 19544 --- [restartedMain] o.hibernate.jpa.internal.util.LogHelper  : HHH000204: Processing PersistenceUnitInfo [name: default]
2022-12-11 19:11:16.885  INFO 19544 --- [restartedMain] org.hibernate.Version                    : HHH000412: Hibernate ORM core version 5.6.12.Final
2022-12-11 19:11:17.404  INFO 19544 --- [restartedMain] o.hibernate.annotations.common.Version   : HCANN000001: Hibernate Commons Annotations {5.1.2.Final}
2022-12-11 19:11:17.684  INFO 19544 --- [restartedMain] com.zaxxer.hikari.HikariDataSource       : HikariPool-1 - Starting...
2022-12-11 19:11:19.472  INFO 19544 --- [restartedMain] com.zaxxer.hikari.HikariDataSource       : HikariPool-1 - Start completed.
2022-12-11 19:11:19.541  INFO 19544 --- [restartedMain] org.hibernate.dialect.Dialect            : HHH000400: Using dialect: org.hibernate.dialect.MySQL5Dialect
2022-12-11 19:11:21.882  INFO 19544 --- [restartedMain] o.h.e.t.j.p.i.JtaPlatformInitiator       : HHH000490: Using JtaPlatform implementation: [org.hibernate.engine.transaction.jta.platform.internal.NoJtaPlatform]
2022-12-11 19:11:21.931  INFO 19544 --- [restartedMain] j.LocalContainerEntityManagerFactoryBean : Initialized JPA EntityManagerFactory for persistence unit 'default'
2022-12-11 19:11:22.678  WARN 19544 --- [restartedMain] JpaBaseConfiguration$JpaWebConfiguration : spring.jpa.open-in-view is enabled by default. Therefore, database queries may be performed during view rendering. Explicitly configure spring.jpa.open-in-view to disable this warning
2022-12-11 19:11:23.048  INFO 19544 --- [restartedMain] o.s.b.d.a.OptionalLiveReloadServer       : LiveReload server is running on port 35729
2022-12-11 19:11:23.282  INFO 19544 --- [restartedMain] o.s.b.w.embedded.tomcat.TomcatWebServer  : Tomcat started on port(s): 8080 (http) with context path ''
2022-12-11 19:11:23.283  INFO 19544 --- [restartedMain] d.s.w.p.DocumentationPluginsBootstrapper : Context refreshed
2022-12-11 19:11:23.320  INFO 19544 --- [restartedMain] d.s.w.p.DocumentationPluginsBootstrapper : Found 1 custom documentation plugin(s)
2022-12-11 19:11:23.330  INFO 19544 --- [restartedMain] s.d.s.w.s.ApiListingReferenceScanner     : Scanning for api listing references
2022-12-11 19:11:23.551  INFO 19544 --- [restartedMain] c.a.P.PhoneBookAppApplication            : Started PhoneBookAppApplication in 11.557 seconds (JVM running for 13.219)
